# JRE version: OpenJDK Runtime Environment (11.0.8) (build 11.0.8+0-b944-P17168821)
# Java VM: OpenJDK 64-Bit Server VM (11.0.8+0-b944-6842174, mixed mode, tiered, compressed oops, g1 gc, linux-amd64)
Heap:
 garbage-first heap   total 212992K, used 167865K [0x0000000080000000, 0x0000000100000000)
  region size 1024K, 95 young (97280K), 7 survivors (7168K)
 Metaspace       used 89167K, capacity 91126K, committed 91340K, reserved 1128448K
  class space    used 11182K, capacity 11899K, committed 11980K, reserved 1048576K
GC Heap History (20 events):
Event: 11.380 GC heap after
{Heap after GC invocations=11 (full 0):
 garbage-first heap   total 177152K, used 28528K [0x0000000080000000, 0x0000000100000000)
  region size 1024K, 7 young (7168K), 7 survivors (7168K)
 Metaspace       used 44111K, capacity 45106K, committed 45440K, reserved 1089536K
  class space    used 5640K, capacity 6000K, committed 6016K, reserved 1048576K
}
Event: 32.435 GC heap before
{Heap before GC invocations=11 (full 0):
 garbage-first heap   total 177152K, used 110448K [0x0000000080000000, 0x0000000100000000)
  region size 1024K, 82 young (83968K), 7 survivors (7168K)
 Metaspace       used 53074K, capacity 54280K, committed 54528K, reserved 1097728K
  class space    used 6736K, capacity 7137K, committed 7168K, reserved 1048576K
}
Event: 32.462 GC heap after
{Heap after GC invocations=12 (full 0):
 garbage-first heap   total 177152K, used 43160K [0x0000000080000000, 0x0000000100000000)
  region size 1024K, 11 young (11264K), 11 survivors (11264K)
 Metaspace       used 53074K, capacity 54280K, committed 54528K, reserved 1097728K
  class space    used 6736K, capacity 7137K, committed 7168K, reserved 1048576K
}
Event: 34.821 GC heap before
{Heap before GC invocations=12 (full 0):
 garbage-first heap   total 177152K, used 100504K [0x0000000080000000, 0x0000000100000000)
  region size 1024K, 67 young (68608K), 11 survivors (11264K)
 Metaspace       used 58826K, capacity 60113K, committed 60160K, reserved 1101824K
  class space    used 7448K, capacity 7918K, committed 7936K, reserved 1048576K
}
Event: 34.842 GC heap after
{Heap after GC invocations=13 (full 0):
 garbage-first heap   total 177152K, used 48354K [0x0000000080000000, 0x0000000100000000)
  region size 1024K, 5 young (5120K), 5 survivors (5120K)
 Metaspace       used 58826K, capacity 60113K, committed 60160K, reserved 1101824K
  class space    used 7448K, capacity 7918K, committed 7936K, reserved 1048576K
}
Event: 40.216 GC heap before
{Heap before GC invocations=14 (full 0):
 garbage-first heap   total 177152K, used 120034K [0x0000000080000000, 0x0000000100000000)
  region size 1024K, 75 young (76800K), 5 survivors (5120K)
 Metaspace       used 65513K, capacity 66909K, committed 67148K, reserved 1107968K
  class space    used 8466K, capacity 8963K, committed 9036K, reserved 1048576K
}
Event: 40.252 GC heap after
{Heap after GC invocations=15 (full 0):
 garbage-first heap   total 177152K, used 53816K [0x0000000080000000, 0x0000000100000000)
  region size 1024K, 10 young (10240K), 10 survivors (10240K)
 Metaspace       used 65513K, capacity 66909K, committed 67148K, reserved 1107968K
  class space    used 8466K, capacity 8963K, committed 9036K, reserved 1048576K
}
Event: 46.046 GC heap before
{Heap before GC invocations=16 (full 0):
 garbage-first heap   total 177152K, used 125496K [0x0000000080000000, 0x0000000100000000)
  region size 1024K, 80 young (81920K), 10 survivors (10240K)
 Metaspace       used 73101K, capacity 74728K, committed 74956K, reserved 1114112K
  class space    used 9547K, capacity 10157K, committed 10188K, reserved 1048576K
}
Event: 46.115 GC heap after
{Heap after GC invocations=17 (full 0):
 garbage-first heap   total 177152K, used 57752K [0x0000000080000000, 0x0000000100000000)
  region size 1024K, 5 young (5120K), 5 survivors (5120K)
 Metaspace       used 73101K, capacity 74728K, committed 74956K, reserved 1114112K
  class space    used 9547K, capacity 10157K, committed 10188K, reserved 1048576K
}
Event: 51.074 GC heap before
{Heap before GC invocations=17 (full 0):
 garbage-first heap   total 177152K, used 129432K [0x0000000080000000, 0x0000000100000000)
  region size 1024K, 76 young (77824K), 5 survivors (5120K)
 Metaspace       used 77671K, capacity 79520K, committed 79692K, reserved 1118208K
  class space    used 10102K, capacity 10766K, committed 10828K, reserved 1048576K
}
Event: 51.139 GC heap after
{Heap after GC invocations=18 (full 0):
 garbage-first heap   total 177152K, used 62714K [0x0000000080000000, 0x0000000100000000)
  region size 1024K, 10 young (10240K), 10 survivors (10240K)
 Metaspace       used 77671K, capacity 79520K, committed 79692K, reserved 1118208K
  class space    used 10102K, capacity 10766K, committed 10828K, reserved 1048576K
}
Event: 54.674 GC heap before
{Heap before GC invocations=18 (full 0):
 garbage-first heap   total 177152K, used 133370K [0x0000000080000000, 0x0000000100000000)
  region size 1024K, 80 young (81920K), 10 survivors (10240K)
 Metaspace       used 80083K, capacity 81860K, committed 82252K, reserved 1120256K
  class space    used 10385K, capacity 11013K, committed 11084K, reserved 1048576K
}
Event: 54.730 GC heap after
{Heap after GC invocations=19 (full 0):
 garbage-first heap   total 177152K, used 66484K [0x0000000080000000, 0x0000000100000000)
  region size 1024K, 5 young (5120K), 5 survivors (5120K)
 Metaspace       used 80083K, capacity 81860K, committed 82252K, reserved 1120256K
  class space    used 10385K, capacity 11013K, committed 11084K, reserved 1048576K
}
Event: 57.944 GC heap before
{Heap before GC invocations=19 (full 0):
 garbage-first heap   total 177152K, used 136116K [0x0000000080000000, 0x0000000100000000)
  region size 1024K, 74 young (75776K), 5 survivors (5120K)
 Metaspace       used 83877K, capacity 85687K, committed 86092K, reserved 1124352K
  class space    used 10833K, capacity 11488K, committed 11596K, reserved 1048576K
}
Event: 58.032 GC heap after
{Heap after GC invocations=20 (full 0):
 garbage-first heap   total 177152K, used 70928K [0x0000000080000000, 0x0000000100000000)
  region size 1024K, 9 young (9216K), 9 survivors (9216K)
 Metaspace       used 83877K, capacity 85687K, committed 86092K, reserved 1124352K
  class space    used 10833K, capacity 11488K, committed 11596K, reserved 1048576K
}
Event: 78.568 GC heap before
{Heap before GC invocations=20 (full 0):
 garbage-first heap   total 177152K, used 138512K [0x0000000080000000, 0x0000000100000000)
  region size 1024K, 76 young (77824K), 9 survivors (9216K)
 Metaspace       used 87514K, capacity 89315K, committed 89676K, reserved 1126400K
  class space    used 11089K, capacity 11749K, committed 11852K, reserved 1048576K
}
Event: 78.640 GC heap after
{Heap after GC invocations=21 (full 0):
 garbage-first heap   total 212992K, used 75474K [0x0000000080000000, 0x0000000100000000)
  region size 1024K, 10 young (10240K), 10 survivors (10240K)
 Metaspace       used 87514K, capacity 89315K, committed 89676K, reserved 1126400K
  class space    used 11089K, capacity 11749K, committed 11852K, reserved 1048576K
}
Event: 82.048 GC heap before
{Heap before GC invocations=21 (full 0):
 garbage-first heap   total 212992K, used 159442K [0x0000000080000000, 0x0000000100000000)
  region size 1024K, 93 young (95232K), 10 survivors (10240K)
 Metaspace       used 87920K, capacity 89840K, committed 90188K, reserved 1128448K
  class space    used 11096K, capacity 11762K, committed 11852K, reserved 1048576K
}
Event: 82.096 GC heap after
{Heap after GC invocations=22 (full 0):
 garbage-first heap   total 212992K, used 77753K [0x0000000080000000, 0x0000000100000000)
  region size 1024K, 7 young (7168K), 7 survivors (7168K)
 Metaspace       used 87920K, capacity 89840K, committed 90188K, reserved 1128448K
  class space    used 11096K, capacity 11762K, committed 11852K, reserved 1048576K
}
Event: 446.268 GC heap before
{Heap before GC invocations=22 (full 0):
 garbage-first heap   total 212992K, used 166841K [0x0000000080000000, 0x0000000100000000)
  region size 1024K, 95 young (97280K), 7 survivors (7168K)
 Metaspace       used 89167K, capacity 91126K, committed 91340K, reserved 1128448K
  class space    used 11182K, capacity 11899K, committed 11980K, reserved 1048576K
}

